client/mobile/Android/app/build/intermediates/manifest_merge_blame_file/debug/manifest-merger-blame-debug-report.txt
1<?xml version="1.0" encoding="utf-8"?>
2<manifest xmlns:android="http://schemas.android.com/apk/res/android"
3    package="com.idcf.boathouse"
4    android:versionCode="1"
5    android:versionName="1.0" >
6
7    <uses-sdk
8        android:minSdkVersion="15"
8-->src\main\AndroidManifest.xml
9        android:targetSdkVersion="29" />
9-->src\main\AndroidManifest.xml
10
11    <uses-permission android:name="android.permission.INTERNET" />
11-->src\main\AndroidManifest.xml:5:5-66
11-->src\main\AndroidManifest.xml:5:22-64
12    <uses-permission android:name="android.permission.WRITE_EXTERNAL_STORAGE" />
12-->src\main\AndroidManifest.xml:7:5-81
12-->src\main\AndroidManifest.xml:7:22-78
13    <uses-permission android:name="android.permission.ACCESS_NETWORK_STATE" />
13-->src\main\AndroidManifest.xml:8:5-79
13-->src\main\AndroidManifest.xml:8:22-76
14
15    <application
15-->src\main\AndroidManifest.xml:10:5-29:19
16        android:name="com.idcf.boathouse.App"
16-->src\main\AndroidManifest.xml:11:9-28
17        android:allowBackup="true"
17-->src\main\AndroidManifest.xml:12:9-35
18        android:appComponentFactory="android.support.v4.app.CoreComponentFactory"
18-->[com.android.support:support-compat:28.0.0] AndroidManifest.xml:22:18-91
19        android:debuggable="true"
20        android:fullBackupContent="@xml/backup_descriptor"
20-->src\main\AndroidManifest.xml:19:9-59
21        android:icon="@mipmap/ic_launcher"
21-->src\main\AndroidManifest.xml:13:9-43
22        android:label="@string/app_name"
22-->src\main\AndroidManifest.xml:14:9-41
23        android:roundIcon="@mipmap/ic_launcher_round"
23-->src\main\AndroidManifest.xml:15:9-54
24        android:supportsRtl="true"
24-->src\main\AndroidManifest.xml:16:9-35
25        android:theme="@style/AppTheme"
25-->src\main\AndroidManifest.xml:17:9-40
26        android:usesCleartextTraffic="true" >
26-->src\main\AndroidManifest.xml:18:9-44
27        <activity android:name="com.idcf.boathouse.presentation.main.MainActivity" >
27-->src\main\AndroidManifest.xml:20:9-26:20
27-->src\main\AndroidManifest.xml:20:19-65
28            <intent-filter>
28-->src\main\AndroidManifest.xml:21:13-25:29
29                <action android:name="android.intent.action.MAIN" />
29-->src\main\AndroidManifest.xml:22:17-69
29-->src\main\AndroidManifest.xml:22:25-66
30
31                <category android:name="android.intent.category.LAUNCHER" />
31-->src\main\AndroidManifest.xml:24:17-77
31-->src\main\AndroidManifest.xml:24:27-74
32            </intent-filter>
33        </activity>
34        <activity android:name="com.idcf.boathouse.presentation.fragment.FragmentActivity" />
34-->src\main\AndroidManifest.xml:27:9-76
34-->src\main\AndroidManifest.xml:27:19-73
35        <activity android:name="com.idcf.boathouse.presentation.login.LoginActivity" />
35-->src\main\AndroidManifest.xml:28:9-70
35-->src\main\AndroidManifest.xml:28:19-67
36    </application>
37
38</manifest>